Reading netlist file: "D:\project\stopwatch\impl\gwsynthesis\stopwatch.vg"
Parsing netlist file "D:\project\stopwatch\impl\gwsynthesis\stopwatch.vg" completed
Processing netlist completed
Reading constraint file: "D:\project\stopwatch\src\stopwatch.cst"
Physical Constraint parsed completed
Running placement......
[10%] Placement Phase 0 completed
[20%] Placement Phase 1 completed
[30%] Placement Phase 2 completed
[50%] Placement Phase 3 completed
Running routing......
[60%] Routing Phase 0 completed
[70%] Routing Phase 1 completed
[80%] Routing Phase 2 completed
[90%] Routing Phase 3 completed
Running timing analysis......
[95%] Timing analysis completed
Placement and routing completed
Bitstream generation in progress......
Bitstream generation completed
Running power analysis......
[100%] Power analysis completed
Generate file "D:\project\stopwatch\impl\pnr\stopwatch.power.html" completed
Generate file "D:\project\stopwatch\impl\pnr\stopwatch.pin.html" completed
Generate file "D:\project\stopwatch\impl\pnr\stopwatch.rpt.html" completed
Generate file "D:\project\stopwatch\impl\pnr\stopwatch.rpt.txt" completed
Generate file "D:\project\stopwatch\impl\pnr\stopwatch.tr.html" completed
Mon Sep 16 16:46:07 2024

